2020-05-14 17:46:58 - PHP Notice:  Undefined index: name in D:\OSPanel\domains\fly-bee\catalog\controller\extension\module\contactm.php on line 22
2020-05-14 17:46:58 - PHP Notice:  Undefined index: email in D:\OSPanel\domains\fly-bee\catalog\controller\extension\module\contactm.php on line 26
2020-05-14 17:46:58 - PHP Notice:  Undefined index: enquiry in D:\OSPanel\domains\fly-bee\catalog\controller\extension\module\contactm.php on line 30
2020-05-14 17:47:05 - PHP Notice:  Undefined index: name in D:\OSPanel\domains\fly-bee\catalog\controller\extension\module\contactm.php on line 22
2020-05-14 17:47:05 - PHP Notice:  Undefined index: email in D:\OSPanel\domains\fly-bee\catalog\controller\extension\module\contactm.php on line 26
2020-05-14 17:47:05 - PHP Notice:  Undefined index: enquiry in D:\OSPanel\domains\fly-bee\catalog\controller\extension\module\contactm.php on line 30
2020-05-14 17:58:31 - PHP Notice:  Undefined index: name in D:\OSPanel\domains\fly-bee\catalog\controller\extension\module\contactm.php on line 22
2020-05-14 17:58:31 - PHP Notice:  Undefined index: email in D:\OSPanel\domains\fly-bee\catalog\controller\extension\module\contactm.php on line 26
2020-05-14 17:58:31 - PHP Notice:  Undefined index: enquiry in D:\OSPanel\domains\fly-bee\catalog\controller\extension\module\contactm.php on line 30
2020-05-14 17:59:02 - PHP Notice:  Undefined index: name in D:\OSPanel\domains\fly-bee\catalog\controller\extension\module\contactm.php on line 22
2020-05-14 17:59:02 - PHP Notice:  Undefined index: email in D:\OSPanel\domains\fly-bee\catalog\controller\extension\module\contactm.php on line 26
2020-05-14 17:59:02 - PHP Notice:  Undefined index: enquiry in D:\OSPanel\domains\fly-bee\catalog\controller\extension\module\contactm.php on line 30
2020-05-14 17:59:23 - PHP Notice:  Undefined index: name in D:\OSPanel\domains\fly-bee\catalog\controller\extension\module\contactm.php on line 22
2020-05-14 17:59:23 - PHP Notice:  Undefined index: email in D:\OSPanel\domains\fly-bee\catalog\controller\extension\module\contactm.php on line 26
2020-05-14 17:59:23 - PHP Notice:  Undefined index: enquiry in D:\OSPanel\domains\fly-bee\catalog\controller\extension\module\contactm.php on line 30
2020-05-14 17:59:24 - PHP Notice:  Undefined index: name in D:\OSPanel\domains\fly-bee\catalog\controller\extension\module\contactm.php on line 22
2020-05-14 17:59:24 - PHP Notice:  Undefined index: email in D:\OSPanel\domains\fly-bee\catalog\controller\extension\module\contactm.php on line 26
2020-05-14 17:59:24 - PHP Notice:  Undefined index: enquiry in D:\OSPanel\domains\fly-bee\catalog\controller\extension\module\contactm.php on line 30
2020-05-14 17:59:25 - PHP Notice:  Undefined index: name in D:\OSPanel\domains\fly-bee\catalog\controller\extension\module\contactm.php on line 22
2020-05-14 17:59:25 - PHP Notice:  Undefined index: email in D:\OSPanel\domains\fly-bee\catalog\controller\extension\module\contactm.php on line 26
2020-05-14 17:59:25 - PHP Notice:  Undefined index: enquiry in D:\OSPanel\domains\fly-bee\catalog\controller\extension\module\contactm.php on line 30
2020-05-14 17:59:25 - PHP Notice:  Undefined index: name in D:\OSPanel\domains\fly-bee\catalog\controller\extension\module\contactm.php on line 22
2020-05-14 17:59:25 - PHP Notice:  Undefined index: email in D:\OSPanel\domains\fly-bee\catalog\controller\extension\module\contactm.php on line 26
2020-05-14 17:59:25 - PHP Notice:  Undefined index: enquiry in D:\OSPanel\domains\fly-bee\catalog\controller\extension\module\contactm.php on line 30
2020-05-14 17:59:25 - PHP Notice:  Undefined index: name in D:\OSPanel\domains\fly-bee\catalog\controller\extension\module\contactm.php on line 22
2020-05-14 17:59:25 - PHP Notice:  Undefined index: email in D:\OSPanel\domains\fly-bee\catalog\controller\extension\module\contactm.php on line 26
2020-05-14 17:59:25 - PHP Notice:  Undefined index: enquiry in D:\OSPanel\domains\fly-bee\catalog\controller\extension\module\contactm.php on line 30
2020-05-14 17:59:26 - PHP Notice:  Undefined index: name in D:\OSPanel\domains\fly-bee\catalog\controller\extension\module\contactm.php on line 22
2020-05-14 17:59:26 - PHP Notice:  Undefined index: email in D:\OSPanel\domains\fly-bee\catalog\controller\extension\module\contactm.php on line 26
2020-05-14 17:59:26 - PHP Notice:  Undefined index: enquiry in D:\OSPanel\domains\fly-bee\catalog\controller\extension\module\contactm.php on line 30
2020-05-14 17:59:26 - PHP Notice:  Undefined index: name in D:\OSPanel\domains\fly-bee\catalog\controller\extension\module\contactm.php on line 22
2020-05-14 17:59:26 - PHP Notice:  Undefined index: email in D:\OSPanel\domains\fly-bee\catalog\controller\extension\module\contactm.php on line 26
2020-05-14 17:59:26 - PHP Notice:  Undefined index: enquiry in D:\OSPanel\domains\fly-bee\catalog\controller\extension\module\contactm.php on line 30
2020-05-14 17:59:27 - PHP Notice:  Undefined index: name in D:\OSPanel\domains\fly-bee\catalog\controller\extension\module\contactm.php on line 22
2020-05-14 17:59:27 - PHP Notice:  Undefined index: email in D:\OSPanel\domains\fly-bee\catalog\controller\extension\module\contactm.php on line 26
2020-05-14 17:59:27 - PHP Notice:  Undefined index: enquiry in D:\OSPanel\domains\fly-bee\catalog\controller\extension\module\contactm.php on line 30
2020-05-14 17:59:27 - PHP Notice:  Undefined index: name in D:\OSPanel\domains\fly-bee\catalog\controller\extension\module\contactm.php on line 22
2020-05-14 17:59:27 - PHP Notice:  Undefined index: email in D:\OSPanel\domains\fly-bee\catalog\controller\extension\module\contactm.php on line 26
2020-05-14 17:59:27 - PHP Notice:  Undefined index: enquiry in D:\OSPanel\domains\fly-bee\catalog\controller\extension\module\contactm.php on line 30
2020-05-14 18:00:21 - PHP Notice:  Undefined index: name in D:\OSPanel\domains\fly-bee\catalog\controller\extension\module\contactm.php on line 22
2020-05-14 18:00:21 - PHP Notice:  Undefined index: email in D:\OSPanel\domains\fly-bee\catalog\controller\extension\module\contactm.php on line 26
2020-05-14 18:00:21 - PHP Notice:  Undefined index: enquiry in D:\OSPanel\domains\fly-bee\catalog\controller\extension\module\contactm.php on line 30
2020-05-14 18:00:21 - PHP Notice:  Undefined index: name in D:\OSPanel\domains\fly-bee\catalog\controller\extension\module\contactm.php on line 22
2020-05-14 18:00:21 - PHP Notice:  Undefined index: email in D:\OSPanel\domains\fly-bee\catalog\controller\extension\module\contactm.php on line 26
2020-05-14 18:00:21 - PHP Notice:  Undefined index: enquiry in D:\OSPanel\domains\fly-bee\catalog\controller\extension\module\contactm.php on line 30
2020-05-14 18:00:53 - PHP Notice:  Undefined index: name in D:\OSPanel\domains\fly-bee\catalog\controller\extension\module\contactm.php on line 22
2020-05-14 18:00:53 - PHP Notice:  Undefined index: email in D:\OSPanel\domains\fly-bee\catalog\controller\extension\module\contactm.php on line 26
2020-05-14 18:00:53 - PHP Notice:  Undefined index: enquiry in D:\OSPanel\domains\fly-bee\catalog\controller\extension\module\contactm.php on line 30
2020-05-14 18:00:59 - PHP Notice:  Undefined index: name in D:\OSPanel\domains\fly-bee\catalog\controller\extension\module\contactm.php on line 22
2020-05-14 18:00:59 - PHP Notice:  Undefined index: email in D:\OSPanel\domains\fly-bee\catalog\controller\extension\module\contactm.php on line 26
2020-05-14 18:00:59 - PHP Notice:  Undefined index: enquiry in D:\OSPanel\domains\fly-bee\catalog\controller\extension\module\contactm.php on line 30
2020-05-25 16:44:47 - PHP Warning:  Invalid argument supplied for foreach() in D:\OSPanel\domains\fly-bee\admin\controller\extension\installer.php on line 332
2020-05-25 16:44:47 - PHP Warning:  ftp_mkdir(): PORT command successful. Consider using PASV. in D:\OSPanel\domains\fly-bee\admin\controller\extension\installer.php on line 337
2020-05-25 16:44:47 - PHP Warning:  Invalid argument supplied for foreach() in D:\OSPanel\domains\fly-bee\admin\controller\extension\installer.php on line 332
2020-05-25 16:44:47 - PHP Warning:  ftp_mkdir(): PORT command successful. Consider using PASV. in D:\OSPanel\domains\fly-bee\admin\controller\extension\installer.php on line 337
2020-05-25 16:44:47 - PHP Warning:  Invalid argument supplied for foreach() in D:\OSPanel\domains\fly-bee\admin\controller\extension\installer.php on line 332
2020-05-25 16:44:47 - PHP Warning:  ftp_mkdir(): PORT command successful. Consider using PASV. in D:\OSPanel\domains\fly-bee\admin\controller\extension\installer.php on line 337
2020-05-25 16:44:47 - PHP Warning:  Invalid argument supplied for foreach() in D:\OSPanel\domains\fly-bee\admin\controller\extension\installer.php on line 332
2020-05-25 16:44:47 - PHP Warning:  ftp_mkdir(): PORT command successful. Consider using PASV. in D:\OSPanel\domains\fly-bee\admin\controller\extension\installer.php on line 337
2020-05-25 16:44:47 - PHP Warning:  Invalid argument supplied for foreach() in D:\OSPanel\domains\fly-bee\admin\controller\extension\installer.php on line 332
2020-05-25 16:44:47 - PHP Warning:  ftp_mkdir(): PORT command successful. Consider using PASV. in D:\OSPanel\domains\fly-bee\admin\controller\extension\installer.php on line 337
2020-05-25 16:44:47 - PHP Warning:  Invalid argument supplied for foreach() in D:\OSPanel\domains\fly-bee\admin\controller\extension\installer.php on line 332
2020-05-25 16:44:47 - PHP Warning:  ftp_mkdir(): PORT command successful. Consider using PASV. in D:\OSPanel\domains\fly-bee\admin\controller\extension\installer.php on line 337
2020-05-25 16:44:47 - PHP Warning:  Invalid argument supplied for foreach() in D:\OSPanel\domains\fly-bee\admin\controller\extension\installer.php on line 332
2020-05-25 16:44:47 - PHP Warning:  ftp_mkdir(): PORT command successful. Consider using PASV. in D:\OSPanel\domains\fly-bee\admin\controller\extension\installer.php on line 337
2020-05-25 16:44:47 - PHP Warning:  Invalid argument supplied for foreach() in D:\OSPanel\domains\fly-bee\admin\controller\extension\installer.php on line 332
2020-05-25 16:44:47 - PHP Warning:  ftp_mkdir(): PORT command successful. Consider using PASV. in D:\OSPanel\domains\fly-bee\admin\controller\extension\installer.php on line 337
2020-05-25 16:44:47 - PHP Warning:  Invalid argument supplied for foreach() in D:\OSPanel\domains\fly-bee\admin\controller\extension\installer.php on line 332
2020-05-25 16:44:47 - PHP Warning:  ftp_mkdir(): PORT command successful. Consider using PASV. in D:\OSPanel\domains\fly-bee\admin\controller\extension\installer.php on line 337
2020-05-25 16:44:47 - PHP Warning:  Invalid argument supplied for foreach() in D:\OSPanel\domains\fly-bee\admin\controller\extension\installer.php on line 332
2020-05-25 16:44:47 - PHP Warning:  ftp_mkdir(): PORT command successful. Consider using PASV. in D:\OSPanel\domains\fly-bee\admin\controller\extension\installer.php on line 337
2020-05-25 16:44:47 - PHP Warning:  Invalid argument supplied for foreach() in D:\OSPanel\domains\fly-bee\admin\controller\extension\installer.php on line 332
2020-05-25 16:44:47 - PHP Warning:  ftp_mkdir(): PORT command successful. Consider using PASV. in D:\OSPanel\domains\fly-bee\admin\controller\extension\installer.php on line 337
2020-05-25 16:44:47 - PHP Warning:  Invalid argument supplied for foreach() in D:\OSPanel\domains\fly-bee\admin\controller\extension\installer.php on line 332
2020-05-25 16:44:47 - PHP Warning:  ftp_mkdir(): PORT command successful. Consider using PASV. in D:\OSPanel\domains\fly-bee\admin\controller\extension\installer.php on line 337
2020-05-25 16:44:47 - PHP Warning:  Invalid argument supplied for foreach() in D:\OSPanel\domains\fly-bee\admin\controller\extension\installer.php on line 332
2020-05-25 16:44:47 - PHP Warning:  ftp_mkdir(): PORT command successful. Consider using PASV. in D:\OSPanel\domains\fly-bee\admin\controller\extension\installer.php on line 337
2020-05-25 16:44:47 - PHP Warning:  Invalid argument supplied for foreach() in D:\OSPanel\domains\fly-bee\admin\controller\extension\installer.php on line 332
2020-05-25 16:44:47 - PHP Warning:  ftp_mkdir(): PORT command successful. Consider using PASV. in D:\OSPanel\domains\fly-bee\admin\controller\extension\installer.php on line 337
2020-05-25 16:44:47 - PHP Warning:  Invalid argument supplied for foreach() in D:\OSPanel\domains\fly-bee\admin\controller\extension\installer.php on line 332
2020-05-25 16:44:47 - PHP Warning:  ftp_mkdir(): PORT command successful. Consider using PASV. in D:\OSPanel\domains\fly-bee\admin\controller\extension\installer.php on line 337
2020-05-25 16:44:47 - PHP Warning:  Invalid argument supplied for foreach() in D:\OSPanel\domains\fly-bee\admin\controller\extension\installer.php on line 332
2020-05-25 16:44:47 - PHP Warning:  ftp_mkdir(): PORT command successful. Consider using PASV. in D:\OSPanel\domains\fly-bee\admin\controller\extension\installer.php on line 337
2020-05-25 16:44:47 - PHP Warning:  Invalid argument supplied for foreach() in D:\OSPanel\domains\fly-bee\admin\controller\extension\installer.php on line 332
2020-05-25 16:44:47 - PHP Warning:  ftp_mkdir(): PORT command successful. Consider using PASV. in D:\OSPanel\domains\fly-bee\admin\controller\extension\installer.php on line 337
2020-05-25 16:44:47 - PHP Warning:  Invalid argument supplied for foreach() in D:\OSPanel\domains\fly-bee\admin\controller\extension\installer.php on line 332
2020-05-25 16:44:47 - PHP Warning:  ftp_mkdir(): PORT command successful. Consider using PASV. in D:\OSPanel\domains\fly-bee\admin\controller\extension\installer.php on line 337
2020-05-25 16:44:47 - PHP Warning:  Invalid argument supplied for foreach() in D:\OSPanel\domains\fly-bee\admin\controller\extension\installer.php on line 332
2020-05-25 16:44:47 - PHP Warning:  ftp_mkdir(): PORT command successful. Consider using PASV. in D:\OSPanel\domains\fly-bee\admin\controller\extension\installer.php on line 337
2020-05-25 16:44:47 - PHP Warning:  Invalid argument supplied for foreach() in D:\OSPanel\domains\fly-bee\admin\controller\extension\installer.php on line 332
2020-05-25 16:44:47 - PHP Warning:  ftp_mkdir(): PORT command successful. Consider using PASV. in D:\OSPanel\domains\fly-bee\admin\controller\extension\installer.php on line 337
2020-05-25 16:44:47 - PHP Warning:  Invalid argument supplied for foreach() in D:\OSPanel\domains\fly-bee\admin\controller\extension\installer.php on line 332
2020-05-25 16:44:47 - PHP Warning:  ftp_mkdir(): PORT command successful. Consider using PASV. in D:\OSPanel\domains\fly-bee\admin\controller\extension\installer.php on line 337
2020-05-25 16:44:47 - PHP Warning:  ftp_put(): PORT command successful. Consider using PASV. in D:\OSPanel\domains\fly-bee\admin\controller\extension\installer.php on line 344
2020-05-25 16:44:47 - PHP Warning:  Invalid argument supplied for foreach() in D:\OSPanel\domains\fly-bee\admin\controller\extension\installer.php on line 332
2020-05-25 16:44:47 - PHP Warning:  ftp_mkdir(): PORT command successful. Consider using PASV. in D:\OSPanel\domains\fly-bee\admin\controller\extension\installer.php on line 337
2020-05-25 16:44:47 - PHP Warning:  Invalid argument supplied for foreach() in D:\OSPanel\domains\fly-bee\admin\controller\extension\installer.php on line 332
2020-05-25 16:44:47 - PHP Warning:  ftp_mkdir(): PORT command successful. Consider using PASV. in D:\OSPanel\domains\fly-bee\admin\controller\extension\installer.php on line 337
2020-05-25 16:44:47 - PHP Warning:  Invalid argument supplied for foreach() in D:\OSPanel\domains\fly-bee\admin\controller\extension\installer.php on line 332
2020-05-25 16:44:47 - PHP Warning:  ftp_mkdir(): PORT command successful. Consider using PASV. in D:\OSPanel\domains\fly-bee\admin\controller\extension\installer.php on line 337
2020-05-25 16:44:47 - PHP Warning:  Invalid argument supplied for foreach() in D:\OSPanel\domains\fly-bee\admin\controller\extension\installer.php on line 332
2020-05-25 16:44:47 - PHP Warning:  ftp_mkdir(): PORT command successful. Consider using PASV. in D:\OSPanel\domains\fly-bee\admin\controller\extension\installer.php on line 337
2020-05-25 16:44:47 - PHP Warning:  Invalid argument supplied for foreach() in D:\OSPanel\domains\fly-bee\admin\controller\extension\installer.php on line 332
2020-05-25 16:44:47 - PHP Warning:  ftp_mkdir(): PORT command successful. Consider using PASV. in D:\OSPanel\domains\fly-bee\admin\controller\extension\installer.php on line 337
2020-05-25 16:44:47 - PHP Warning:  Invalid argument supplied for foreach() in D:\OSPanel\domains\fly-bee\admin\controller\extension\installer.php on line 332
2020-05-25 16:44:47 - PHP Warning:  ftp_mkdir(): PORT command successful. Consider using PASV. in D:\OSPanel\domains\fly-bee\admin\controller\extension\installer.php on line 337
2020-05-25 16:44:47 - PHP Warning:  ftp_put(): PORT command successful. Consider using PASV. in D:\OSPanel\domains\fly-bee\admin\controller\extension\installer.php on line 344
2020-05-25 16:44:47 - PHP Warning:  Invalid argument supplied for foreach() in D:\OSPanel\domains\fly-bee\admin\controller\extension\installer.php on line 332
2020-05-25 16:44:47 - PHP Warning:  ftp_mkdir(): PORT command successful. Consider using PASV. in D:\OSPanel\domains\fly-bee\admin\controller\extension\installer.php on line 337
2020-05-25 16:44:47 - PHP Warning:  Invalid argument supplied for foreach() in D:\OSPanel\domains\fly-bee\admin\controller\extension\installer.php on line 332
2020-05-25 16:44:47 - PHP Warning:  ftp_mkdir(): PORT command successful. Consider using PASV. in D:\OSPanel\domains\fly-bee\admin\controller\extension\installer.php on line 337
2020-05-25 16:44:47 - PHP Warning:  Invalid argument supplied for foreach() in D:\OSPanel\domains\fly-bee\admin\controller\extension\installer.php on line 332
2020-05-25 16:44:47 - PHP Warning:  ftp_mkdir(): PORT command successful. Consider using PASV. in D:\OSPanel\domains\fly-bee\admin\controller\extension\installer.php on line 337
2020-05-25 16:44:47 - PHP Warning:  ftp_put(): PORT command successful. Consider using PASV. in D:\OSPanel\domains\fly-bee\admin\controller\extension\installer.php on line 344
2020-05-25 16:44:47 - PHP Warning:  Invalid argument supplied for foreach() in D:\OSPanel\domains\fly-bee\admin\controller\extension\installer.php on line 332
2020-05-25 16:44:47 - PHP Warning:  ftp_mkdir(): PORT command successful. Consider using PASV. in D:\OSPanel\domains\fly-bee\admin\controller\extension\installer.php on line 337
2020-05-25 16:44:47 - PHP Warning:  ftp_put(): PORT command successful. Consider using PASV. in D:\OSPanel\domains\fly-bee\admin\controller\extension\installer.php on line 344
2020-05-25 16:44:47 - PHP Warning:  ftp_put(): PORT command successful. Consider using PASV. in D:\OSPanel\domains\fly-bee\admin\controller\extension\installer.php on line 344
2020-05-25 16:44:47 - PHP Warning:  Invalid argument supplied for foreach() in D:\OSPanel\domains\fly-bee\admin\controller\extension\installer.php on line 332
2020-05-25 16:44:47 - PHP Warning:  ftp_mkdir(): PORT command successful. Consider using PASV. in D:\OSPanel\domains\fly-bee\admin\controller\extension\installer.php on line 337
2020-05-25 16:44:47 - PHP Warning:  ftp_put(): PORT command successful. Consider using PASV. in D:\OSPanel\domains\fly-bee\admin\controller\extension\installer.php on line 344
2020-05-25 16:44:47 - PHP Warning:  ftp_put(): PORT command successful. Consider using PASV. in D:\OSPanel\domains\fly-bee\admin\controller\extension\installer.php on line 344
2020-05-25 16:44:47 - PHP Warning:  ftp_put(): PORT command successful. Consider using PASV. in D:\OSPanel\domains\fly-bee\admin\controller\extension\installer.php on line 344
2020-05-25 16:44:47 - PHP Warning:  Invalid argument supplied for foreach() in D:\OSPanel\domains\fly-bee\admin\controller\extension\installer.php on line 332
2020-05-25 16:44:47 - PHP Warning:  ftp_mkdir(): PORT command successful. Consider using PASV. in D:\OSPanel\domains\fly-bee\admin\controller\extension\installer.php on line 337
2020-05-25 16:44:47 - PHP Warning:  ftp_put(): PORT command successful. Consider using PASV. in D:\OSPanel\domains\fly-bee\admin\controller\extension\installer.php on line 344
2020-05-25 16:44:47 - PHP Warning:  Invalid argument supplied for foreach() in D:\OSPanel\domains\fly-bee\admin\controller\extension\installer.php on line 332
2020-05-25 16:44:47 - PHP Warning:  ftp_mkdir(): PORT command successful. Consider using PASV. in D:\OSPanel\domains\fly-bee\admin\controller\extension\installer.php on line 337
2020-05-25 16:44:47 - PHP Warning:  ftp_put(): PORT command successful. Consider using PASV. in D:\OSPanel\domains\fly-bee\admin\controller\extension\installer.php on line 344
2020-05-25 16:44:47 - PHP Warning:  ftp_put(): PORT command successful. Consider using PASV. in D:\OSPanel\domains\fly-bee\admin\controller\extension\installer.php on line 344
2020-05-25 16:44:47 - PHP Warning:  ftp_put(): PORT command successful. Consider using PASV. in D:\OSPanel\domains\fly-bee\admin\controller\extension\installer.php on line 344
2020-05-25 16:44:47 - PHP Warning:  Invalid argument supplied for foreach() in D:\OSPanel\domains\fly-bee\admin\controller\extension\installer.php on line 332
2020-05-25 16:44:47 - PHP Warning:  ftp_mkdir(): PORT command successful. Consider using PASV. in D:\OSPanel\domains\fly-bee\admin\controller\extension\installer.php on line 337
2020-05-25 16:44:47 - PHP Warning:  Invalid argument supplied for foreach() in D:\OSPanel\domains\fly-bee\admin\controller\extension\installer.php on line 332
2020-05-25 16:44:47 - PHP Warning:  ftp_mkdir(): PORT command successful. Consider using PASV. in D:\OSPanel\domains\fly-bee\admin\controller\extension\installer.php on line 337
2020-05-25 16:44:47 - PHP Warning:  Invalid argument supplied for foreach() in D:\OSPanel\domains\fly-bee\admin\controller\extension\installer.php on line 332
2020-05-25 16:44:47 - PHP Warning:  ftp_mkdir(): PORT command successful. Consider using PASV. in D:\OSPanel\domains\fly-bee\admin\controller\extension\installer.php on line 337
2020-05-25 16:44:47 - PHP Warning:  ftp_put(): PORT command successful. Consider using PASV. in D:\OSPanel\domains\fly-bee\admin\controller\extension\installer.php on line 344
2020-05-25 16:44:47 - PHP Warning:  ftp_put(): PORT command successful. Consider using PASV. in D:\OSPanel\domains\fly-bee\admin\controller\extension\installer.php on line 344
2020-05-25 16:44:47 - PHP Warning:  ftp_put(): PORT command successful. Consider using PASV. in D:\OSPanel\domains\fly-bee\admin\controller\extension\installer.php on line 344
2020-05-25 16:50:45 - PHP Warning:  Invalid argument supplied for foreach() in D:\OSPanel\domains\fly-bee\admin\controller\extension\installer.php on line 332
2020-05-25 16:50:45 - PHP Warning:  ftp_mkdir(): PORT command successful. Consider using PASV. in D:\OSPanel\domains\fly-bee\admin\controller\extension\installer.php on line 337
2020-05-25 16:50:45 - PHP Warning:  Invalid argument supplied for foreach() in D:\OSPanel\domains\fly-bee\admin\controller\extension\installer.php on line 332
2020-05-25 16:50:45 - PHP Warning:  ftp_mkdir(): PORT command successful. Consider using PASV. in D:\OSPanel\domains\fly-bee\admin\controller\extension\installer.php on line 337
2020-05-25 16:50:45 - PHP Warning:  Invalid argument supplied for foreach() in D:\OSPanel\domains\fly-bee\admin\controller\extension\installer.php on line 332
2020-05-25 16:50:45 - PHP Warning:  ftp_mkdir(): PORT command successful. Consider using PASV. in D:\OSPanel\domains\fly-bee\admin\controller\extension\installer.php on line 337
2020-05-25 16:50:45 - PHP Warning:  Invalid argument supplied for foreach() in D:\OSPanel\domains\fly-bee\admin\controller\extension\installer.php on line 332
2020-05-25 16:50:45 - PHP Warning:  ftp_mkdir(): PORT command successful. Consider using PASV. in D:\OSPanel\domains\fly-bee\admin\controller\extension\installer.php on line 337
2020-05-25 16:50:45 - PHP Warning:  ftp_put(): PORT command successful. Consider using PASV. in D:\OSPanel\domains\fly-bee\admin\controller\extension\installer.php on line 344
2020-05-25 16:50:45 - PHP Warning:  Invalid argument supplied for foreach() in D:\OSPanel\domains\fly-bee\admin\controller\extension\installer.php on line 332
2020-05-25 16:50:45 - PHP Warning:  ftp_mkdir(): PORT command successful. Consider using PASV. in D:\OSPanel\domains\fly-bee\admin\controller\extension\installer.php on line 337
2020-05-25 16:50:45 - PHP Warning:  ftp_put(): PORT command successful. Consider using PASV. in D:\OSPanel\domains\fly-bee\admin\controller\extension\installer.php on line 344
